2025-04-21 12:04:22,584 - INFO - Processing document: documents/ai_systems.txt
2025-04-21 12:04:22,584 - INFO - Using chunk_size=64, chunk_overlap=16
2025-04-21 12:04:22,584 - INFO - Document size: 3936 bytes
2025-04-21 12:04:22,585 - INFO - Processing document: ai_systems.txt
2025-04-21 12:04:22,585 - INFO - Document ai_systems.txt split into 83 chunks
2025-04-21 12:04:22,585 - INFO - Document processed successfully
2025-04-21 12:04:22,585 - INFO - Created 83 chunks
2025-04-21 12:04:22,585 - INFO - Chunk 0: 29 characters
2025-04-21 12:04:22,585 - INFO - Chunk 1: 51 characters
2025-04-21 12:04:22,586 - INFO - Chunk 2: 30 characters
2025-04-21 12:04:22,586 - INFO - Chunk 3: 108 characters
2025-04-21 12:04:22,586 - INFO - Chunk 4: 30 characters
2025-04-21 12:04:22,586 - INFO - Chunk 5: 90 characters
2025-04-21 12:04:22,586 - INFO - Chunk 6: 71 characters
2025-04-21 12:04:22,586 - INFO - Chunk 7: 58 characters
2025-04-21 12:04:22,586 - INFO - Chunk 8: 60 characters
2025-04-21 12:04:22,587 - INFO - Chunk 9: 60 characters
2025-04-21 12:04:22,587 - INFO - Chunk 10: 32 characters
2025-04-21 12:04:22,587 - INFO - Chunk 11: 68 characters
2025-04-21 12:04:22,587 - INFO - Chunk 12: 68 characters
2025-04-21 12:04:22,587 - INFO - Chunk 13: 61 characters
2025-04-21 12:04:22,587 - INFO - Chunk 14: 69 characters
2025-04-21 12:04:22,587 - INFO - Chunk 15: 39 characters
2025-04-21 12:04:22,587 - INFO - Chunk 16: 110 characters
2025-04-21 12:04:22,587 - INFO - Chunk 17: 30 characters
2025-04-21 12:04:22,588 - INFO - Chunk 18: 77 characters
2025-04-21 12:04:22,588 - INFO - Chunk 19: 74 characters
2025-04-21 12:04:22,588 - INFO - Chunk 20: 72 characters
2025-04-21 12:04:22,588 - INFO - Chunk 21: 46 characters
2025-04-21 12:04:22,588 - INFO - Chunk 22: 32 characters
2025-04-21 12:04:22,588 - INFO - Chunk 23: 74 characters
2025-04-21 12:04:22,589 - INFO - Chunk 24: 52 characters
2025-04-21 12:04:22,589 - INFO - Chunk 25: 75 characters
2025-04-21 12:04:22,589 - INFO - Chunk 26: 47 characters
2025-04-21 12:04:22,589 - INFO - Chunk 27: 55 characters
2025-04-21 12:04:22,589 - INFO - Chunk 28: 66 characters
2025-04-21 12:04:22,589 - INFO - Chunk 29: 72 characters
2025-04-21 12:04:22,590 - INFO - Chunk 30: 83 characters
2025-04-21 12:04:22,590 - INFO - Chunk 31: 99 characters
2025-04-21 12:04:22,590 - INFO - Chunk 32: 39 characters
2025-04-21 12:04:22,590 - INFO - Chunk 33: 76 characters
2025-04-21 12:04:22,590 - INFO - Chunk 34: 79 characters
2025-04-21 12:04:22,590 - INFO - Chunk 35: 66 characters
2025-04-21 12:04:22,590 - INFO - Chunk 36: 65 characters
2025-04-21 12:04:22,591 - INFO - Chunk 37: 48 characters
2025-04-21 12:04:22,591 - INFO - Chunk 38: 47 characters
2025-04-21 12:04:22,591 - INFO - Chunk 39: 45 characters
2025-04-21 12:04:22,591 - INFO - Chunk 40: 42 characters
2025-04-21 12:04:22,591 - INFO - Chunk 41: 58 characters
2025-04-21 12:04:22,591 - INFO - Chunk 42: 45 characters
2025-04-21 12:04:22,592 - INFO - Chunk 43: 41 characters
2025-04-21 12:04:22,592 - INFO - Chunk 44: 112 characters
2025-04-21 12:04:22,592 - INFO - Chunk 45: 29 characters
2025-04-21 12:04:22,592 - INFO - Chunk 46: 78 characters
2025-04-21 12:04:22,592 - INFO - Chunk 47: 64 characters
2025-04-21 12:04:22,593 - INFO - Chunk 48: 71 characters
2025-04-21 12:04:22,593 - INFO - Chunk 49: 64 characters
2025-04-21 12:04:22,593 - INFO - Chunk 50: 46 characters
2025-04-21 12:04:22,593 - INFO - Chunk 51: 35 characters
2025-04-21 12:04:22,593 - INFO - Chunk 52: 68 characters
2025-04-21 12:04:22,593 - INFO - Chunk 53: 68 characters
2025-04-21 12:04:22,593 - INFO - Chunk 54: 53 characters
2025-04-21 12:04:22,594 - INFO - Chunk 55: 60 characters
2025-04-21 12:04:22,594 - INFO - Chunk 56: 55 characters
2025-04-21 12:04:22,594 - INFO - Chunk 57: 42 characters
2025-04-21 12:04:22,594 - INFO - Chunk 58: 77 characters
2025-04-21 12:04:22,594 - INFO - Chunk 59: 15 characters
2025-04-21 12:04:22,595 - INFO - Chunk 60: 73 characters
2025-04-21 12:04:22,595 - INFO - Chunk 61: 65 characters
2025-04-21 12:04:22,595 - INFO - Chunk 62: 50 characters
2025-04-21 12:04:22,595 - INFO - Chunk 63: 52 characters
2025-04-21 12:04:22,595 - INFO - Chunk 64: 69 characters
2025-04-21 12:04:22,595 - INFO - Chunk 65: 64 characters
2025-04-21 12:04:22,595 - INFO - Chunk 66: 103 characters
2025-04-21 12:04:22,596 - INFO - Chunk 67: 44 characters
2025-04-21 12:04:22,596 - INFO - Chunk 68: 57 characters
2025-04-21 12:04:22,596 - INFO - Chunk 69: 85 characters
2025-04-21 12:04:22,596 - INFO - Chunk 70: 56 characters
2025-04-21 12:04:22,596 - INFO - Chunk 71: 46 characters
2025-04-21 12:04:22,596 - INFO - Chunk 72: 68 characters
2025-04-21 12:04:22,596 - INFO - Chunk 73: 53 characters
2025-04-21 12:04:22,596 - INFO - Chunk 74: 72 characters
2025-04-21 12:04:22,597 - INFO - Chunk 75: 34 characters
2025-04-21 12:04:22,597 - INFO - Chunk 76: 88 characters
2025-04-21 12:04:22,597 - INFO - Chunk 77: 54 characters
2025-04-21 12:04:22,597 - INFO - Chunk 78: 67 characters
2025-04-21 12:04:22,597 - INFO - Chunk 79: 52 characters
2025-04-21 12:04:22,597 - INFO - Chunk 80: 57 characters
2025-04-21 12:04:22,598 - INFO - Chunk 81: 64 characters
2025-04-21 12:04:22,598 - INFO - Chunk 82: 86 characters
